0 info it worked if it ends with ok
1 verbose cli [ 'D:\\Program Files\\nodejs\\\\node.exe',
1 verbose cli   'D:\\Program Files\\nodejs\\node_modules\\npm\\bin\\npm-cli.js',
1 verbose cli   'install',
1 verbose cli   '-g',
1 verbose cli   'pm2' ]
2 info using npm@1.4.14
3 info using node@v0.10.29
4 verbose node symlink D:\Program Files\nodejs\\node.exe
5 verbose cache add [ 'pm2', null ]
6 verbose cache add name=undefined spec="pm2" args=["pm2",null]
7 verbose parsed url { protocol: null,
7 verbose parsed url   slashes: null,
7 verbose parsed url   auth: null,
7 verbose parsed url   host: null,
7 verbose parsed url   port: null,
7 verbose parsed url   hostname: null,
7 verbose parsed url   hash: null,
7 verbose parsed url   search: null,
7 verbose parsed url   query: null,
7 verbose parsed url   pathname: 'pm2',
7 verbose parsed url   path: 'pm2',
7 verbose parsed url   href: 'pm2' }
8 silly lockFile b1fbedd8-pm2 pm2
9 verbose lock pm2 C:\Users\Joe\AppData\Roaming\npm-cache\b1fbedd8-pm2.lock
10 silly lockFile b1fbedd8-pm2 pm2
11 silly lockFile b1fbedd8-pm2 pm2
12 verbose addNamed [ 'pm2', '' ]
13 verbose addNamed [ null, '*' ]
14 silly lockFile d1072219-pm2 pm2@
15 verbose lock pm2@ C:\Users\Joe\AppData\Roaming\npm-cache\d1072219-pm2.lock
16 silly addNameRange { name: 'pm2', range: '*', hasData: false }
17 verbose url raw pm2
18 verbose url resolving [ 'https://registry.npmjs.org/', './pm2' ]
19 verbose url resolved https://registry.npmjs.org/pm2
20 info trying registry request attempt 1 at 14:50:27
21 http GET https://registry.npmjs.org/pm2
22 http 200 https://registry.npmjs.org/pm2
23 silly registry.get cb [ 200,
23 silly registry.get   { date: 'Sun, 24 Aug 2014 06:50:38 GMT',
23 silly registry.get     server: 'CouchDB/1.5.0 (Erlang OTP/R16B03)',
23 silly registry.get     etag: '"7W6ZVF22ERLSWWKS8VMWQ3DPV"',
23 silly registry.get     'content-type': 'application/json',
23 silly registry.get     'cache-control': 'max-age=60',
23 silly registry.get     'content-length': '255966',
23 silly registry.get     'accept-ranges': 'bytes',
23 silly registry.get     via: '1.1 varnish',
23 silly registry.get     age: '6605',
23 silly registry.get     'x-served-by': 'cache-ty66-TYO',
23 silly registry.get     'x-cache': 'MISS',
23 silly registry.get     'x-cache-hits': '0',
23 silly registry.get     'x-timer': 'S1408863038.709037,VS0,VE177',
23 silly registry.get     vary: 'Accept',
23 silly registry.get     'keep-alive': 'timeout=10, max=50',
23 silly registry.get     connection: 'Keep-Alive' } ]
24 silly addNameRange number 2 { name: 'pm2', range: '*', hasData: true }
25 silly addNameRange versions [ 'pm2',
25 silly addNameRange   [ '0.4.0',
25 silly addNameRange     '0.4.1',
25 silly addNameRange     '0.4.2',
25 silly addNameRange     '0.4.3',
25 silly addNameRange     '0.4.4',
25 silly addNameRange     '0.4.5',
25 silly addNameRange     '0.4.6',
25 silly addNameRange     '0.4.7',
25 silly addNameRange     '0.4.8',
25 silly addNameRange     '0.4.10',
25 silly addNameRange     '0.4.11',
25 silly addNameRange     '0.4.12',
25 silly addNameRange     '0.4.13',
25 silly addNameRange     '0.4.14',
25 silly addNameRange     '0.5.0',
25 silly addNameRange     '0.5.1',
25 silly addNameRange     '0.5.2',
25 silly addNameRange     '0.5.3',
25 silly addNameRange     '0.5.4',
25 silly addNameRange     '0.5.5',
25 silly addNameRange     '0.5.6',
25 silly addNameRange     '0.5.7',
25 silly addNameRange     '0.6.2',
25 silly addNameRange     '0.6.3',
25 silly addNameRange     '0.6.4',
25 silly addNameRange     '0.6.5',
25 silly addNameRange     '0.6.6',
25 silly addNameRange     '0.6.7',
25 silly addNameRange     '0.6.8',
25 silly addNameRange     '0.6.9',
25 silly addNameRange     '0.6.10',
25 silly addNameRange     '0.6.11',
25 silly addNameRange     '0.6.12',
25 silly addNameRange     '0.6.13',
25 silly addNameRange     '0.6.14',
25 silly addNameRange     '0.6.15',
25 silly addNameRange     '0.7.0',
25 silly addNameRange     '0.7.1',
25 silly addNameRange     '0.7.2',
25 silly addNameRange     '0.7.3',
25 silly addNameRange     '0.7.4',
25 silly addNameRange     '0.7.5',
25 silly addNameRange     '0.7.6',
25 silly addNameRange     '0.7.7',
25 silly addNameRange     '0.7.8',
25 silly addNameRange     '0.8.0',
25 silly addNameRange     '0.8.1',
25 silly addNameRange     '0.8.2',
25 silly addNameRange     '0.8.3',
25 silly addNameRange     '0.8.4',
25 silly addNameRange     '0.8.5',
25 silly addNameRange     '0.8.6',
25 silly addNameRange     '0.8.7',
25 silly addNameRange     '0.8.8',
25 silly addNameRange     '0.8.9',
25 silly addNameRange     '0.8.10',
25 silly addNameRange     '0.8.11',
25 silly addNameRange     '0.8.12',
25 silly addNameRange     '0.8.13',
25 silly addNameRange     '0.8.14',
25 silly addNameRange     '0.8.15',
25 silly addNameRange     '0.9.0',
25 silly addNameRange     '0.9.1',
25 silly addNameRange     '0.9.2',
25 silly addNameRange     '0.9.3',
25 silly addNameRange     '0.9.4',
25 silly addNameRange     '0.9.5',
25 silly addNameRange     '0.9.6',
25 silly addNameRange     '0.10.0-beta1',
25 silly addNameRange     '0.10.0-beta2',
25 silly addNameRange     '0.10.0-beta4',
25 silly addNameRange     '0.10.0-beta5',
25 silly addNameRange     '0.10.0-beta6',
25 silly addNameRange     '0.10.0-beta7',
25 silly addNameRange     '0.10.0-beta8',
25 silly addNameRange     '0.10.0-beta9',
25 silly addNameRange     '0.10.0-beta10',
25 silly addNameRange     '0.10.0-beta11',
25 silly addNameRange     '0.10.0-beta12',
25 silly addNameRange     '0.10.0-beta13',
25 silly addNameRange     '0.10.0-beta14',
25 silly addNameRange     '0.10.0-beta15',
25 silly addNameRange     '0.10.0-beta16',
25 silly addNameRange     '0.10.0-beta17',
25 silly addNameRange     '0.10.0-beta18',
25 silly addNameRange     '0.10.0-beta19',
25 silly addNameRange     '0.10.0-beta20',
25 silly addNameRange     '0.10.0-beta21',
25 silly addNameRange     '0.10.0-beta22',
25 silly addNameRange     '0.10.0-beta23',
25 silly addNameRange     '0.10.0-beta25',
25 silly addNameRange     '0.10.0',
25 silly addNameRange     '0.10.1' ] ]
26 verbose addNamed [ 'pm2', '0.10.1' ]
27 verbose addNamed [ '0.10.1', '0.10.1' ]
28 silly lockFile 878379c7-pm2-0-10-1 pm2@0.10.1
29 verbose lock pm2@0.10.1 C:\Users\Joe\AppData\Roaming\npm-cache\878379c7-pm2-0-10-1.lock
30 silly lockFile 1c420644-try-npmjs-org-pm2-pm2-0-10-1-tgz https://registry.npmjs.org/pm2/-/pm2-0.10.1.tgz
31 verbose lock https://registry.npmjs.org/pm2/-/pm2-0.10.1.tgz C:\Users\Joe\AppData\Roaming\npm-cache\1c420644-try-npmjs-org-pm2-pm2-0-10-1-tgz.lock
32 verbose addRemoteTarball [ 'https://registry.npmjs.org/pm2/-/pm2-0.10.1.tgz',
32 verbose addRemoteTarball   'e4ea28d08b03577f36372a0b843be736bc5ac0d5' ]
33 info retry fetch attempt 1 at 14:50:32
34 verbose fetch to= C:\Users\Joe\AppData\Local\Temp\npm-5344-172PIaGL\registry.npmjs.org\pm2\-\pm2-0.10.1.tgz
35 http GET https://registry.npmjs.org/pm2/-/pm2-0.10.1.tgz
36 http 200 https://registry.npmjs.org/pm2/-/pm2-0.10.1.tgz
37 silly lockFile 1c420644-try-npmjs-org-pm2-pm2-0-10-1-tgz https://registry.npmjs.org/pm2/-/pm2-0.10.1.tgz
38 silly lockFile 1c420644-try-npmjs-org-pm2-pm2-0-10-1-tgz https://registry.npmjs.org/pm2/-/pm2-0.10.1.tgz
39 silly lockFile 878379c7-pm2-0-10-1 pm2@0.10.1
40 silly lockFile 878379c7-pm2-0-10-1 pm2@0.10.1
41 silly lockFile d1072219-pm2 pm2@
42 silly lockFile d1072219-pm2 pm2@
43 silly resolved [ { name: 'pm2',
43 silly resolved     preferGlobal: 'true',
43 silly resolved     version: '0.10.1',
43 silly resolved     os: [ '!win32' ],
43 silly resolved     engines: { node: '>=0.10' },
43 silly resolved     directories: { bin: './bin', lib: './lib', example: './examples' },
43 silly resolved     author:
43 silly resolved      { name: 'Strzelewicz Alexandre',
43 silly resolved        email: 'as@unitech.io',
43 silly resolved        url: 'http://pm2.io' },
43 silly resolved     maintainers: [ [Object] ],
43 silly resolved     contributors:
43 silly resolved      [ [Object],
43 silly resolved        [Object],
43 silly resolved        [Object],
43 silly resolved        [Object],
43 silly resolved        [Object],
43 silly resolved        [Object],
43 silly resolved        [Object],
43 silly resolved        [Object],
43 silly resolved        [Object],
43 silly resolved        [Object] ],
43 silly resolved     homepage: 'https://github.com/Unitech/pm2',
43 silly resolved     description: 'Modern CLI process manager for Node apps with a builtin load-balancer. Perfectly designed for microservices architecture.',
43 silly resolved     main: 'index.js',
43 silly resolved     scripts:
43 silly resolved      { test: 'NODE_ENV=test bash test/index.sh && bash test/main.sh',
43 silly resolved        preinstall: 'bash ./scripts/preinstall.sh',
43 silly resolved        postinstall: 'bash ./scripts/postinstall.sh' },
43 silly resolved     keywords:
43 silly resolved      [ 'cli',
43 silly resolved        'fault tolerant',
43 silly resolved        'sysadmin',
43 silly resolved        'tools',
43 silly resolved        'pm2',
43 silly resolved        'logs',
43 silly resolved        'log',
43 silly resolved        'json',
43 silly resolved        'express',
43 silly resolved        'hapi',
43 silly resolved        'kraken',
43 silly resolved        'reload',
43 silly resolved        'microservice',
43 silly resolved        'programmatic',
43 silly resolved        'harmony',
43 silly resolved        'node-pm2',
43 silly resolved        'production',
43 silly resolved        'keymetrics',
43 silly resolved        'deploy',
43 silly resolved        'deployment',
43 silly resolved        'daemon',
43 silly resolved        'supervisor',
43 silly resolved        'nodemon',
43 silly resolved        'pm2.io',
43 silly resolved        'ghost',
43 silly resolved        'ghost production',
43 silly resolved        'monitoring',
43 silly resolved        'process manager',
43 silly resolved        'forever',
43 silly resolved        'forever-monitor',
43 silly resolved        'keep process alive',
43 silly resolved        'process configuration',
43 silly resolved        'clustering',
43 silly resolved        'cluster cli',
43 silly resolved        'cluster',
43 silly resolved        'cron',
43 silly resolved        'devops',
43 silly resolved        'dev ops' ],
43 silly resolved     bin: { pm2: './bin/pm2' },
43 silly resolved     dependencies:
43 silly resolved      { async: '~0.9.0',
43 silly resolved        axm: '~0.1.7',
43 silly resolved        axon: '~2.0.0',
43 silly resolved        chalk: '~0.5.1',
43 silly resolved        chokidar: '~0.8.2',
43 silly resolved        'cli-table': '~0.3.0',
43 silly resolved        'coffee-script': '~1.7.1',
43 silly resolved        colors: '~0.6.2',
43 silly resolved        commander: '~2.3.0',
43 silly resolved        cron: '~1.0.4',
43 silly resolved        debug: '~1.0.2',
43 silly resolved        eventemitter2: '~0.4.14',
43 silly resolved        'json-stringify-safe': '~5.0.0',
43 silly resolved        nssocket: '~0.5.1',
43 silly resolved        punt: '~2.2.0',
43 silly resolved        pidusage: '~0.1.0',
43 silly resolved        'pm2-axon-rpc': '~0.2.1',
43 silly resolved        'pm2-deploy': '~0.0.4',
43 silly resolved        'pm2-interface': '~1.1.0',
43 silly resolved        'pm2-multimeter': '~0.1.2',
43 silly resolved        'pm2-rpc-fallback': '~2.8.0',
43 silly resolved        moment: '~2.8.2',
43 silly resolved        'uid-number': '~0.0.5',
43 silly resolved        'pm2-logs': '~0.1.1',
43 silly resolved        ikt: 'git+http://ikt.pm2.io/ikt.git#master' },
43 silly resolved     devDependencies:
43 silly resolved      { mocha: '^1.20.1',
43 silly resolved        should: '^4.0.0',
43 silly resolved        'better-assert': '^1.0.0',
43 silly resolved        'promise-spawner': '^0.0.3' },
43 silly resolved     optionalDependencies:
43 silly resolved      { 'pm2-logs': '~0.1.1',
43 silly resolved        ikt: 'git+http://ikt.pm2.io/ikt.git#master' },
43 silly resolved     bugs: { url: 'https://github.com/Unitech/pm2/issues' },
43 silly resolved     repository: { type: 'git', url: 'git://github.com/Unitech/pm2.git' },
43 silly resolved     license: 'AGPLv3',
43 silly resolved     _id: 'pm2@0.10.1',
43 silly resolved     _shasum: 'e4ea28d08b03577f36372a0b843be736bc5ac0d5',
43 silly resolved     _from: 'pm2@',
43 silly resolved     _npmVersion: '1.4.9',
43 silly resolved     _npmUser: { name: 'tknew', email: 'strzelewicz.alexandre@gmail.com' },
43 silly resolved     dist:
43 silly resolved      { shasum: 'e4ea28d08b03577f36372a0b843be736bc5ac0d5',
43 silly resolved        tarball: 'http://registry.npmjs.org/pm2/-/pm2-0.10.1.tgz' },
43 silly resolved     _resolved: 'https://registry.npmjs.org/pm2/-/pm2-0.10.1.tgz' } ]
44 info install pm2@0.10.1 into C:\Users\Joe\AppData\Roaming\npm
45 info installOne pm2@0.10.1
46 error notsup Unsupported
46 error notsup Not compatible with your operating system or architecture: pm2@0.10.1
46 error notsup Valid OS:    !win32
46 error notsup Valid Arch:  any
46 error notsup Actual OS:   win32
46 error notsup Actual Arch: ia32
47 error System Windows_NT 6.1.7601
48 error command "D:\\Program Files\\nodejs\\\\node.exe" "D:\\Program Files\\nodejs\\node_modules\\npm\\bin\\npm-cli.js" "install" "-g" "pm2"
49 error cwd E:\startup\translate
50 error node -v v0.10.29
51 error npm -v 1.4.14
52 error code EBADPLATFORM
53 verbose exit [ 1, true ]
